<?xml version="1.0" encoding="UTF-8"?>
<!-- Generated by org.testng.reporters.JUnitXMLReporter -->
<testsuite ignored="1" hostname="MSI" failures="0" tests="1" name="Test" time="26.467" errors="0" timestamp="2025-01-16T23:20:36 IST">
  <testcase classname="com.mystore.TestCases.TC_LoginPage" name="SignIn" time="4.299"/>
  <testcase classname="com.mystore.TestCases.TC_LoginPage" name="verifyRegistrationAndLogin" time="0.0">
    <ignored/>
  </testcase> <!-- verifyRegistrationAndLogin -->
</testsuite> <!-- Test -->
