<?xml version="1.0" encoding="UTF-8"?>
<testng-results ignored="0" total="1" passed="1" failed="0" skipped="0">
  <reporter-output>
  </reporter-output>
  <suite started-at="2025-01-16T23:20:10 IST" name="Suite" finished-at="2025-01-16T23:20:36 IST" duration-ms="26467">
    <groups>
    </groups>
    <test started-at="2025-01-16T23:20:10 IST" name="Test" finished-at="2025-01-16T23:20:36 IST" duration-ms="26467">
      <class name="com.mystore.TestCases.TC_LoginPage">
        <test-method is-config="true" signature="browserSetup()[pri:0, instance:com.mystore.TestCases.TC_LoginPage@2e377400]" started-at="2025-01-16T23:20:10 IST" name="browserSetup" finished-at="2025-01-16T23:20:31 IST" duration-ms="21729" status="PASS">
          <reporter-output>
          </reporter-output>
        </test-method> <!-- browserSetup -->
        <test-method signature="SignIn()[pri:0, instance:com.mystore.TestCases.TC_LoginPage@2e377400]" started-at="2025-01-16T23:20:31 IST" name="SignIn" finished-at="2025-01-16T23:20:36 IST" duration-ms="4299" status="PASS">
          <reporter-output>
          </reporter-output>
        </test-method> <!-- SignIn -->
        <test-method is-config="true" signature="closeBrowser()[pri:0, instance:com.mystore.TestCases.TC_LoginPage@2e377400]" started-at="2025-01-16T23:20:36 IST" name="closeBrowser" finished-at="2025-01-16T23:20:36 IST" duration-ms="383" status="PASS">
          <reporter-output>
          </reporter-output>
        </test-method> <!-- closeBrowser -->
      </class> <!-- com.mystore.TestCases.TC_LoginPage -->
    </test> <!-- Test -->
  </suite> <!-- Suite -->
</testng-results>
